[2026-02-17 01:50:51] INFO     __main__ - X(트위터) 데이터 수집 시스템 시작
[2026-02-17 01:50:51] INFO     __main__ - 대상 계정: RipperSec, DDoS Korea, MegaMedusa, 결제 안돼, 결제 안댐, 결제 안대, 결제 왜안돼, 결제 안되네, 결제 오류, 결제 먹통, 송금 안돼, 송금 안댐, 이체 안돼, 이체 안댐, 카드 안돼, 카드 안댐, 카드 안먹혀, 앱 먹통, 앱 안돼, 앱 안열려, 접속 안돼, 접속 안댐, 로그인 안돼, 뱅킹 안돼, 뱅킹 먹통
[2026-02-17 01:50:51] INFO     __main__ - 크롤링 작업 시작 (25개 계정)
[2026-02-17 01:50:51] INFO     __main__ - LibRedirect API에서 8개 인스턴스 조회
[2026-02-17 01:50:54] INFO     __main__ - 활성 인스턴스: 2개
[2026-02-17 01:50:54] WARNING  root - Empty page on https://nitter.tiekoetter.com
[2026-02-17 01:51:07] INFO     __main__ -   ✓ RipperSec 완료: 트윗 9개 / 스레드 0개
[2026-02-17 01:51:07] WARNING  root - Empty page on https://nitter.tiekoetter.com
[2026-02-17 01:51:20] INFO     __main__ -   ✓ DDoS Korea 완료: 트윗 13개 / 스레드 0개
[2026-02-17 01:51:21] WARNING  root - Empty page on https://nitter.tiekoetter.com
[2026-02-17 01:51:34] INFO     __main__ -   ✓ MegaMedusa 완료: 트윗 15개 / 스레드 0개
[2026-02-17 01:51:34] WARNING  root - Empty page on https://nitter.tiekoetter.com
[2026-02-17 01:51:47] INFO     __main__ -   ✓ 결제 안돼 완료: 트윗 17개 / 스레드 0개
[2026-02-17 01:51:47] WARNING  root - Empty page on https://nitter.tiekoetter.com
[2026-02-17 01:52:00] INFO     __main__ -   ✓ 결제 안댐 완료: 트윗 20개 / 스레드 0개
[2026-02-17 01:52:00] WARNING  root - Empty page on https://nitter.tiekoetter.com
[2026-02-17 01:52:13] INFO     __main__ -   ✓ 결제 안대 완료: 트윗 17개 / 스레드 0개
[2026-02-17 01:52:14] WARNING  root - Empty page on https://nitter.tiekoetter.com
[2026-02-17 01:52:26] INFO     __main__ -   ✓ 결제 왜안돼 완료: 트윗 18개 / 스레드 0개
[2026-02-17 01:52:27] WARNING  root - Empty page on https://nitter.tiekoetter.com
[2026-02-17 01:52:40] INFO     __main__ -   ✓ 결제 안되네 완료: 트윗 20개 / 스레드 0개
[2026-02-17 01:52:40] WARNING  root - Empty page on https://nitter.tiekoetter.com
[2026-02-17 01:52:53] INFO     __main__ -   ✓ 결제 오류 완료: 트윗 18개 / 스레드 0개
[2026-02-17 01:52:53] WARNING  root - Empty page on https://nitter.tiekoetter.com
[2026-02-17 01:53:21] WARNING  root - Empty page on https://nitter.privacyredirect.com
[2026-02-17 01:53:35] INFO     __main__ -   ✓ 결제 먹통 완료: 트윗 18개 / 스레드 0개
[2026-02-17 01:53:36] WARNING  root - Empty page on https://nitter.tiekoetter.com
[2026-02-17 01:53:49] INFO     __main__ -   ✓ 송금 안돼 완료: 트윗 10개 / 스레드 0개
[2026-02-17 01:53:49] WARNING  root - Empty page on https://nitter.tiekoetter.com
[2026-02-17 01:54:02] INFO     __main__ -   ✓ 송금 안댐 완료: 트윗 17개 / 스레드 0개
[2026-02-17 01:54:02] WARNING  root - Empty page on https://nitter.tiekoetter.com
[2026-02-17 01:54:15] DEBUG    __main__ - 트윗 파싱 실패: list index out of range
[2026-02-17 01:54:15] INFO     __main__ -   ✓ 이체 안돼 완료: 트윗 15개 / 스레드 0개
[2026-02-17 01:54:15] WARNING  root - Empty page on https://nitter.tiekoetter.com
[2026-02-17 01:54:28] INFO     __main__ -   ✓ 이체 안댐 완료: 트윗 19개 / 스레드 0개
[2026-02-17 01:54:29] WARNING  root - Empty page on https://nitter.tiekoetter.com
[2026-02-17 01:54:42] INFO     __main__ -   ✓ 카드 안돼 완료: 트윗 18개 / 스레드 0개
[2026-02-17 01:54:42] WARNING  root - Empty page on https://nitter.tiekoetter.com
[2026-02-17 01:54:55] INFO     __main__ -   ✓ 카드 안댐 완료: 트윗 18개 / 스레드 0개
[2026-02-17 01:54:55] WARNING  root - Empty page on https://nitter.tiekoetter.com
[2026-02-17 01:55:08] INFO     __main__ -   ✓ 카드 안먹혀 완료: 트윗 20개 / 스레드 0개
[2026-02-17 01:55:08] WARNING  root - Empty page on https://nitter.tiekoetter.com
[2026-02-17 01:55:21] DEBUG    __main__ - 트윗 파싱 실패: list index out of range
[2026-02-17 01:55:21] INFO     __main__ -   ✓ 앱 먹통 완료: 트윗 18개 / 스레드 0개
[2026-02-17 01:55:22] WARNING  root - Empty page on https://nitter.tiekoetter.com
[2026-02-17 01:55:34] DEBUG    __main__ - 트윗 파싱 실패: list index out of range
[2026-02-17 01:55:34] INFO     __main__ -   ✓ 앱 안돼 완료: 트윗 16개 / 스레드 0개
[2026-02-17 01:55:35] WARNING  root - Empty page on https://nitter.tiekoetter.com
[2026-02-17 01:55:48] DEBUG    __main__ - 트윗 파싱 실패: list index out of range
[2026-02-17 01:55:48] INFO     __main__ -   ✓ 앱 안열려 완료: 트윗 19개 / 스레드 0개
[2026-02-17 01:55:48] WARNING  root - Empty page on https://nitter.tiekoetter.com
[2026-02-17 01:56:01] DEBUG    __main__ - 트윗 파싱 실패: list index out of range
[2026-02-17 01:56:01] INFO     __main__ -   ✓ 접속 안돼 완료: 트윗 12개 / 스레드 0개
[2026-02-17 01:56:01] WARNING  root - Empty page on https://nitter.tiekoetter.com
[2026-02-17 01:56:14] INFO     __main__ -   ✓ 접속 안댐 완료: 트윗 19개 / 스레드 0개
[2026-02-17 01:56:14] WARNING  root - Empty page on https://nitter.tiekoetter.com
[2026-02-17 01:56:27] INFO     __main__ -   ✓ 로그인 안돼 완료: 트윗 19개 / 스레드 0개
[2026-02-17 01:56:28] WARNING  root - Empty page on https://nitter.tiekoetter.com
[2026-02-17 01:56:41] INFO     __main__ -   ✓ 뱅킹 안돼 완료: 트윗 16개 / 스레드 0개
[2026-02-17 01:56:41] WARNING  root - Empty page on https://nitter.tiekoetter.com
[2026-02-17 01:56:54] INFO     __main__ -   ✓ 뱅킹 먹통 완료: 트윗 19개 / 스레드 0개
[2026-02-17 01:56:54] INFO     __main__ - 작업 완료: 25/25 성공 (363초)
[2026-02-17 03:50:17] INFO     __main__ - X(트위터) 데이터 수집 시스템 시작
[2026-02-17 03:50:17] INFO     __main__ - 대상 계정: RipperSec, DDoS Korea, MegaMedusa, 결제 안돼, 결제 안댐, 결제 안대, 결제 왜안돼, 결제 안되네, 결제 오류, 결제 먹통, 송금 안돼, 송금 안댐, 이체 안돼, 이체 안댐, 카드 안돼, 카드 안댐, 카드 안먹혀, 앱 먹통, 앱 안돼, 앱 안열려, 접속 안돼, 접속 안댐, 로그인 안돼, 뱅킹 안돼, 뱅킹 먹통
[2026-02-17 03:50:17] INFO     __main__ - 크롤링 작업 시작 (25개 계정)
[2026-02-17 03:50:17] INFO     __main__ - LibRedirect API에서 8개 인스턴스 조회
[2026-02-17 03:50:20] INFO     __main__ - 활성 인스턴스: 2개
[2026-02-17 03:50:21] WARNING  root - Empty page on https://nitter.privacyredirect.com
[2026-02-17 03:50:39] INFO     __main__ -   ✓ RipperSec 완료: 트윗 10개 / 스레드 0개
[2026-02-17 03:50:39] WARNING  root - Empty page on https://nitter.privacyredirect.com
[2026-02-17 03:50:56] INFO     __main__ -   ✓ DDoS Korea 완료: 트윗 14개 / 스레드 0개
[2026-02-17 03:50:56] WARNING  root - Empty page on https://nitter.privacyredirect.com
[2026-02-17 03:51:11] INFO     __main__ -   ✓ MegaMedusa 완료: 트윗 15개 / 스레드 0개
[2026-02-17 03:51:12] WARNING  root - Empty page on https://nitter.privacyredirect.com
[2026-02-17 03:51:26] INFO     __main__ -   ✓ 결제 안돼 완료: 트윗 18개 / 스레드 0개
[2026-02-17 03:51:27] WARNING  root - Empty page on https://nitter.privacyredirect.com
[2026-02-17 03:51:42] INFO     __main__ -   ✓ 결제 안댐 완료: 트윗 20개 / 스레드 0개
[2026-02-17 03:51:42] WARNING  root - Empty page on https://nitter.privacyredirect.com
[2026-02-17 03:51:59] INFO     __main__ -   ✓ 결제 안대 완료: 트윗 17개 / 스레드 0개
[2026-02-17 03:52:00] WARNING  root - Empty page on https://nitter.privacyredirect.com
[2026-02-17 03:52:16] INFO     __main__ -   ✓ 결제 왜안돼 완료: 트윗 20개 / 스레드 0개
[2026-02-17 03:52:16] WARNING  root - Empty page on https://nitter.privacyredirect.com
[2026-02-17 03:52:31] INFO     __main__ -   ✓ 결제 안되네 완료: 트윗 20개 / 스레드 0개
[2026-02-17 03:52:31] WARNING  root - Empty page on https://nitter.privacyredirect.com
[2026-02-17 03:52:46] DEBUG    __main__ - 트윗 파싱 실패: list index out of range
[2026-02-17 03:52:46] DEBUG    __main__ - 트윗 파싱 실패: list index out of range
[2026-02-17 03:52:46] INFO     __main__ -   ✓ 결제 오류 완료: 트윗 18개 / 스레드 0개
[2026-02-17 03:52:46] WARNING  root - Empty page on https://nitter.privacyredirect.com
[2026-02-17 03:53:03] INFO     __main__ -   ✓ 결제 먹통 완료: 트윗 18개 / 스레드 0개
[2026-02-17 03:53:03] WARNING  root - Empty page on https://nitter.privacyredirect.com
[2026-02-17 03:53:19] INFO     __main__ -   ✓ 송금 안돼 완료: 트윗 8개 / 스레드 0개
[2026-02-17 03:53:20] WARNING  root - Empty page on https://nitter.privacyredirect.com
[2026-02-17 03:53:35] INFO     __main__ -   ✓ 송금 안댐 완료: 트윗 17개 / 스레드 0개
[2026-02-17 03:53:36] WARNING  root - Empty page on https://nitter.privacyredirect.com
[2026-02-17 03:53:52] DEBUG    __main__ - 트윗 파싱 실패: list index out of range
[2026-02-17 03:53:52] INFO     __main__ -   ✓ 이체 안돼 완료: 트윗 15개 / 스레드 0개
[2026-02-17 03:53:53] WARNING  root - Empty page on https://nitter.privacyredirect.com
[2026-02-17 03:54:07] INFO     __main__ -   ✓ 이체 안댐 완료: 트윗 19개 / 스레드 0개
[2026-02-17 03:54:08] WARNING  root - Empty page on https://nitter.privacyredirect.com
[2026-02-17 03:54:23] INFO     __main__ -   ✓ 카드 안돼 완료: 트윗 11개 / 스레드 0개
[2026-02-17 03:54:23] WARNING  root - Empty page on https://nitter.privacyredirect.com
[2026-02-17 03:54:39] INFO     __main__ -   ✓ 카드 안댐 완료: 트윗 18개 / 스레드 0개
[2026-02-17 03:54:40] WARNING  root - Empty page on https://nitter.privacyredirect.com
[2026-02-17 03:54:56] INFO     __main__ -   ✓ 카드 안먹혀 완료: 트윗 20개 / 스레드 0개
[2026-02-17 03:54:57] WARNING  root - Empty page on https://nitter.privacyredirect.com
[2026-02-17 03:55:11] DEBUG    __main__ - 트윗 파싱 실패: list index out of range
[2026-02-17 03:55:11] INFO     __main__ -   ✓ 앱 먹통 완료: 트윗 19개 / 스레드 0개
[2026-02-17 03:55:12] WARNING  root - Empty page on https://nitter.privacyredirect.com
[2026-02-17 03:55:26] INFO     __main__ -   ✓ 앱 안돼 완료: 트윗 20개 / 스레드 0개
[2026-02-17 03:55:27] WARNING  root - Empty page on https://nitter.privacyredirect.com
[2026-02-17 03:55:44] DEBUG    __main__ - 트윗 파싱 실패: list index out of range
[2026-02-17 03:55:44] INFO     __main__ -   ✓ 앱 안열려 완료: 트윗 19개 / 스레드 0개
[2026-02-17 03:55:44] WARNING  root - Empty page on https://nitter.privacyredirect.com
[2026-02-17 03:55:59] DEBUG    __main__ - 트윗 파싱 실패: list index out of range
[2026-02-17 03:55:59] INFO     __main__ -   ✓ 접속 안돼 완료: 트윗 17개 / 스레드 0개
[2026-02-17 03:55:59] WARNING  root - Empty page on https://nitter.privacyredirect.com
[2026-02-17 03:56:14] INFO     __main__ -   ✓ 접속 안댐 완료: 트윗 19개 / 스레드 0개
[2026-02-17 03:56:15] WARNING  root - Empty page on https://nitter.privacyredirect.com
[2026-02-17 03:56:29] INFO     __main__ -   ✓ 로그인 안돼 완료: 트윗 15개 / 스레드 0개
[2026-02-17 03:56:30] WARNING  root - Empty page on https://nitter.privacyredirect.com
[2026-02-17 03:56:47] INFO     __main__ -   ✓ 뱅킹 안돼 완료: 트윗 16개 / 스레드 0개
[2026-02-17 03:56:47] WARNING  root - Empty page on https://nitter.privacyredirect.com
[2026-02-17 03:57:02] INFO     __main__ -   ✓ 뱅킹 먹통 완료: 트윗 19개 / 스레드 0개
[2026-02-17 03:57:02] INFO     __main__ - 작업 완료: 25/25 성공 (405초)
