[2026-02-12 10:26:40] INFO     __main__ - X(트위터) 데이터 수집 시스템 시작
[2026-02-12 10:26:40] INFO     __main__ - 대상 계정: HalcyonAi, DarkWebInformer, MonThreat, DailyDarkWeb, FalconFeedsio, H4ckManac
[2026-02-12 10:26:40] INFO     __main__ - 스케줄러 모드: 12.00시간 간격
[2026-02-12 10:26:40] DEBUG    tzlocal - Looking up time zone info from registry
[2026-02-12 10:26:40] INFO     __main__ - 스케줄러 시작: 12.00시간 간격으로 실행
[2026-02-12 10:26:40] INFO     __main__ - 초기 실행 시작...
[2026-02-12 10:26:40] INFO     __main__ - ============================================================
[2026-02-12 10:26:40] INFO     __main__ - 크롤링 작업 시작 (대상: HalcyonAi, DarkWebInformer, MonThreat, DailyDarkWeb, FalconFeedsio, H4ckManac)
[2026-02-12 10:26:40] INFO     __main__ - ============================================================
[2026-02-12 10:26:40] INFO     crawler - Nitter 인스턴스 목록 갱신 중...
[2026-02-12 10:26:40] DEBUG    urllib3.connectionpool - Starting new HTTPS connection (1): raw.githubusercontent.com:443
[2026-02-12 10:26:41] DEBUG    urllib3.connectionpool - https://raw.githubusercontent.com:443 "GET /libredirect/instances/main/data.json HTTP/1.1" 200 6501
[2026-02-12 10:26:41] INFO     crawler - LibRedirect API에서 8개 인스턴스 조회
[2026-02-12 10:26:41] INFO     crawler - 총 8개 인스턴스 발견
[2026-02-12 10:26:41] DEBUG    urllib3.connectionpool - Starting new HTTPS connection (1): xcancel.com:443
[2026-02-12 10:26:42] DEBUG    urllib3.connectionpool - https://xcancel.com:443 "GET /x HTTP/1.1" 403 150
[2026-02-12 10:26:42] DEBUG    crawler -   비활성: https://xcancel.com
[2026-02-12 10:26:42] DEBUG    urllib3.connectionpool - Starting new HTTPS connection (1): nitter.poast.org:443
[2026-02-12 10:26:43] DEBUG    urllib3.connectionpool - https://nitter.poast.org:443 "GET /x HTTP/1.1" 503 19973
[2026-02-12 10:26:43] DEBUG    crawler -   비활성: https://nitter.poast.org
[2026-02-12 10:26:43] DEBUG    urllib3.connectionpool - Starting new HTTPS connection (1): nitter.privacyredirect.com:443
[2026-02-12 10:26:44] DEBUG    urllib3.connectionpool - https://nitter.privacyredirect.com:443 "GET /x HTTP/1.1" 200 None
[2026-02-12 10:26:44] INFO     crawler -   활성: https://nitter.privacyredirect.com (응답: 1.44초)
[2026-02-12 10:26:44] DEBUG    urllib3.connectionpool - Starting new HTTPS connection (1): lightbrd.com:443
[2026-02-12 10:26:45] DEBUG    urllib3.connectionpool - https://lightbrd.com:443 "GET /x HTTP/1.1" 403 None
[2026-02-12 10:26:46] DEBUG    crawler -   비활성: https://lightbrd.com
[2026-02-12 10:26:46] DEBUG    urllib3.connectionpool - Starting new HTTPS connection (1): nitter.space:443
[2026-02-12 10:26:46] DEBUG    urllib3.connectionpool - https://nitter.space:443 "GET /x HTTP/1.1" 403 None
[2026-02-12 10:26:46] DEBUG    crawler -   비활성: https://nitter.space
[2026-02-12 10:26:46] DEBUG    urllib3.connectionpool - Starting new HTTPS connection (1): nitter.tiekoetter.com:443
[2026-02-12 10:26:47] DEBUG    urllib3.connectionpool - https://nitter.tiekoetter.com:443 "GET /x HTTP/1.1" 200 None
[2026-02-12 10:26:47] INFO     crawler -   활성: https://nitter.tiekoetter.com (응답: 1.07초)
[2026-02-12 10:26:47] DEBUG    urllib3.connectionpool - Starting new HTTPS connection (1): nuku.trabun.org:443
[2026-02-12 10:26:48] DEBUG    urllib3.connectionpool - https://nuku.trabun.org:443 "GET /x HTTP/1.1" 403 None
[2026-02-12 10:26:48] DEBUG    crawler -   비활성: https://nuku.trabun.org
[2026-02-12 10:26:48] DEBUG    urllib3.connectionpool - Starting new HTTPS connection (1): nitter.catsarch.com:443
[2026-02-12 10:26:49] DEBUG    urllib3.connectionpool - https://nitter.catsarch.com:443 "GET /x HTTP/1.1" 403 None
[2026-02-12 10:26:49] DEBUG    crawler -   비활성: https://nitter.catsarch.com
[2026-02-12 10:26:49] INFO     crawler - 활성 인스턴스 2개 확인
[2026-02-12 10:26:49] INFO     __main__ - ----------------------------------------
[2026-02-12 10:26:49] INFO     __main__ - 계정 'HalcyonAi' 크롤링 중...
[2026-02-12 10:26:49] INFO     crawler - 'HalcyonAi' 크롤링 시작 (인스턴스 2개)
[2026-02-12 10:26:49] INFO     crawler -   [1/2] https://nitter.tiekoetter.com 시도 중...
[2026-02-12 10:26:50] WARNING  root - Empty page on https://nitter.tiekoetter.com
[2026-02-12 10:26:52] WARNING  crawler -     ntscraper 빈 결과 - Playwright 검색 모드로 폴백
[2026-02-12 10:27:44] WARNING  root - Empty page on https://nitter.tiekoetter.com
[2026-02-12 10:27:46] WARNING  crawler -     ntscraper 빈 결과 - Playwright 검색 모드로 폴백
[2026-02-12 10:28:02] WARNING  root - Empty page on https://nitter.tiekoetter.com
[2026-02-12 10:28:04] WARNING  crawler -     ntscraper 빈 결과 - Playwright 검색 모드로 폴백
[2026-02-12 10:28:21] WARNING  root - Empty page on https://nitter.tiekoetter.com
[2026-02-12 10:28:23] WARNING  crawler -     ntscraper 빈 결과 - Playwright 검색 모드로 폴백
[2026-02-12 10:28:41] WARNING  root - Empty page on https://nitter.tiekoetter.com
[2026-02-12 10:28:43] WARNING  crawler -     ntscraper 빈 결과 - Playwright 검색 모드로 폴백
[2026-02-12 10:28:59] WARNING  root - Empty page on https://nitter.tiekoetter.com
[2026-02-12 10:29:01] WARNING  crawler -     ntscraper 빈 결과 - Playwright 검색 모드로 폴백
[2026-02-12 10:36:52] INFO     __main__ - X(트위터) 데이터 수집 시스템 시작
[2026-02-12 10:36:52] INFO     __main__ - 대상 계정: HalcyonAi
[2026-02-12 10:36:52] INFO     __main__ - 크롤링 작업 시작 (1개 계정)
[2026-02-12 10:36:52] INFO     crawler - LibRedirect API에서 8개 인스턴스 조회
[2026-02-12 10:37:01] INFO     crawler - 활성 인스턴스: 2개
[2026-02-12 10:37:03] WARNING  root - Empty page on https://nitter.privacyredirect.com
[2026-02-12 10:37:40] INFO     __main__ - X(트위터) 데이터 수집 시스템 시작
[2026-02-12 10:37:40] INFO     __main__ - 대상 계정: HalcyonAi
[2026-02-12 10:37:40] INFO     __main__ - 크롤링 작업 시작 (1개 계정)
[2026-02-12 10:37:41] INFO     crawler - LibRedirect API에서 8개 인스턴스 조회
[2026-02-12 10:37:48] INFO     crawler - 활성 인스턴스: 2개
[2026-02-12 10:37:49] WARNING  root - Empty page on https://nitter.tiekoetter.com
[2026-02-12 10:38:19] INFO     __main__ - X(트위터) 데이터 수집 시스템 시작
[2026-02-12 10:38:19] INFO     __main__ - 대상 계정: HalcyonAi
[2026-02-12 10:38:19] INFO     __main__ - 크롤링 작업 시작 (1개 계정)
[2026-02-12 10:38:19] INFO     crawler - LibRedirect API에서 8개 인스턴스 조회
[2026-02-12 10:38:28] INFO     crawler - 활성 인스턴스: 2개
[2026-02-12 10:38:29] WARNING  root - Empty page on https://nitter.tiekoetter.com
[2026-02-12 10:39:00] INFO     __main__ - X(트위터) 데이터 수집 시스템 시작
[2026-02-12 10:39:00] INFO     __main__ - 대상 계정: HalcyonAi
[2026-02-12 10:39:00] INFO     __main__ - 크롤링 작업 시작 (1개 계정)
[2026-02-12 10:39:00] INFO     crawler - LibRedirect API에서 8개 인스턴스 조회
[2026-02-12 10:39:07] INFO     crawler - 활성 인스턴스: 2개
[2026-02-12 10:39:08] WARNING  root - Empty page on https://nitter.tiekoetter.com
[2026-02-12 10:39:24] INFO     __main__ -   ✓ HalcyonAi 완료: 트윗 14개 / 스레드 0개
[2026-02-12 10:39:24] INFO     __main__ - 작업 완료: 1/1 성공 (25초)
[2026-02-12 10:39:37] INFO     __main__ - X(트위터) 데이터 수집 시스템 시작
[2026-02-12 10:39:37] INFO     __main__ - 대상 계정: HalcyonAi,DarkWebInformer
[2026-02-12 10:39:37] INFO     __main__ - 크롤링 작업 시작 (1개 계정)
[2026-02-12 10:39:37] INFO     crawler - LibRedirect API에서 8개 인스턴스 조회
[2026-02-12 10:39:44] INFO     crawler - 활성 인스턴스: 2개
[2026-02-12 10:39:45] WARNING  root - Empty page on https://nitter.tiekoetter.com
[2026-02-12 10:40:33] INFO     __main__ - X(트위터) 데이터 수집 시스템 시작
[2026-02-12 10:40:33] INFO     __main__ - 대상 계정: HalcyonAi
[2026-02-12 10:40:33] INFO     __main__ - 크롤링 작업 시작 (1개 계정)
[2026-02-12 10:40:33] INFO     crawler - LibRedirect API에서 8개 인스턴스 조회
[2026-02-12 10:40:40] INFO     crawler - 활성 인스턴스: 2개
[2026-02-12 10:40:41] WARNING  root - Empty page on https://nitter.tiekoetter.com
[2026-02-12 10:40:57] INFO     __main__ -   ✓ HalcyonAi 완료: 트윗 14개 / 스레드 0개
[2026-02-12 10:40:57] INFO     __main__ - 작업 완료: 1/1 성공 (24초)
[2026-02-12 10:41:03] INFO     __main__ - X(트위터) 데이터 수집 시스템 시작
[2026-02-12 10:41:03] INFO     __main__ - 대상 계정: HalcyonAi,DarkWebInformer,MonThreat
[2026-02-12 10:41:03] INFO     __main__ - 크롤링 작업 시작 (1개 계정)
[2026-02-12 10:41:03] INFO     crawler - LibRedirect API에서 8개 인스턴스 조회
[2026-02-12 10:41:11] INFO     crawler - 활성 인스턴스: 2개
[2026-02-12 10:41:12] WARNING  root - Empty page on https://nitter.tiekoetter.com
[2026-02-12 10:41:31] INFO     __main__ -   ✓ HalcyonAi,DarkWebInformer,MonThreat 완료: 트윗 6개 / 스레드 0개
[2026-02-12 10:41:31] INFO     __main__ - 작업 완료: 1/1 성공 (28초)
[2026-02-12 10:41:52] INFO     __main__ - X(트위터) 데이터 수집 시스템 시작
[2026-02-12 10:41:52] INFO     __main__ - 대상 계정: HalcyonAi, DarkWebInformer
[2026-02-12 10:41:52] INFO     __main__ - 크롤링 작업 시작 (2개 계정)
[2026-02-12 10:41:53] INFO     crawler - LibRedirect API에서 8개 인스턴스 조회
[2026-02-12 10:42:00] INFO     crawler - 활성 인스턴스: 2개
[2026-02-12 10:42:01] WARNING  root - Empty page on https://nitter.tiekoetter.com
[2026-02-12 10:42:17] INFO     __main__ -   ✓ HalcyonAi 완료: 트윗 14개 / 스레드 0개
[2026-02-12 10:42:18] WARNING  root - Empty page on https://nitter.tiekoetter.com
[2026-02-12 10:42:34] INFO     __main__ -   ✓ DarkWebInformer 완료: 트윗 14개 / 스레드 0개
[2026-02-12 10:42:34] INFO     __main__ - 작업 완료: 2/2 성공 (42초)
[2026-02-12 10:42:44] INFO     __main__ - X(트위터) 데이터 수집 시스템 시작
[2026-02-12 10:42:44] INFO     __main__ - 대상 계정: HalcyonAi
[2026-02-12 10:42:44] INFO     __main__ - 크롤링 작업 시작 (1개 계정)
[2026-02-12 10:42:44] INFO     crawler - LibRedirect API에서 8개 인스턴스 조회
[2026-02-12 10:42:51] INFO     crawler - 활성 인스턴스: 2개
[2026-02-12 10:42:52] WARNING  root - Empty page on https://nitter.tiekoetter.com
[2026-02-12 10:43:08] INFO     __main__ -   ✓ HalcyonAi 완료: 트윗 14개 / 스레드 0개
[2026-02-12 10:43:08] INFO     __main__ - 작업 완료: 1/1 성공 (25초)
[2026-02-12 10:43:24] INFO     __main__ - X(트위터) 데이터 수집 시스템 시작
[2026-02-12 10:43:24] INFO     __main__ - 대상 계정: HalcyonAi, DarkWebInformer, MonThreat
[2026-02-12 10:43:24] INFO     __main__ - 크롤링 작업 시작 (3개 계정)
[2026-02-12 10:43:24] INFO     crawler - LibRedirect API에서 8개 인스턴스 조회
[2026-02-12 10:43:33] INFO     crawler - 활성 인스턴스: 2개
[2026-02-12 10:43:35] WARNING  root - Empty page on https://nitter.privacyredirect.com
[2026-02-12 10:43:55] INFO     __main__ -   ✓ HalcyonAi 완료: 트윗 14개 / 스레드 0개
[2026-02-12 10:43:57] WARNING  root - Empty page on https://nitter.privacyredirect.com
[2026-02-12 10:44:13] INFO     __main__ -   ✓ DarkWebInformer 완료: 트윗 14개 / 스레드 0개
[2026-02-12 10:44:15] WARNING  root - Empty page on https://nitter.privacyredirect.com
[2026-02-12 10:44:41] INFO     __main__ -   ✓ MonThreat 완료: 트윗 15개 / 스레드 0개
[2026-02-12 10:44:41] INFO     __main__ - 작업 완료: 3/3 성공 (77초)
[2026-02-12 10:44:46] INFO     __main__ - X(트위터) 데이터 수집 시스템 시작
[2026-02-12 10:44:46] INFO     __main__ - 대상 계정: HalcyonAi
[2026-02-12 10:44:46] INFO     __main__ - 스케줄러 모드: 12.00시간 간격
[2026-02-12 10:44:46] INFO     __main__ - 스케줄러 시작: 12.0시간 간격으로 실행
[2026-02-12 10:44:46] INFO     __main__ - 크롤링 작업 시작 (1개 계정)
[2026-02-12 10:44:47] INFO     crawler - LibRedirect API에서 8개 인스턴스 조회
[2026-02-12 10:44:56] INFO     crawler - 활성 인스턴스: 2개
[2026-02-12 10:44:57] WARNING  root - Empty page on https://nitter.tiekoetter.com
[2026-02-12 10:45:16] WARNING  crawler - 인스턴스 실패 기록: https://nitter.tiekoetter.com
[2026-02-12 10:45:16] DEBUG    crawler - 세션 생성 (UA: Mozilla/5.0 (iPhone; CPU iPhone OS 17_6_1 like Mac OS X) App)
[2026-02-12 10:45:21] INFO     __main__ - X(트위터) 데이터 수집 시스템 시작
[2026-02-12 10:45:21] INFO     __main__ - 대상 계정: HalcyonAi
[2026-02-12 10:45:21] INFO     __main__ - 스케줄러 모드: 12.00시간 간격
[2026-02-12 10:45:21] INFO     __main__ - 스케줄러 시작: 12.0시간 간격으로 실행
[2026-02-12 10:45:21] INFO     __main__ - 크롤링 작업 시작 (1개 계정)
[2026-02-12 10:45:21] INFO     crawler - LibRedirect API에서 8개 인스턴스 조회
[2026-02-12 10:45:31] INFO     crawler - 활성 인스턴스: 2개
[2026-02-12 10:45:32] WARNING  root - Empty page on https://nitter.privacyredirect.com
[2026-02-12 10:45:49] INFO     __main__ -   ✓ HalcyonAi 완료: 트윗 14개 / 스레드 0개
[2026-02-12 10:45:49] INFO     __main__ - 작업 완료: 1/1 성공 (28초)
[2026-02-12 10:47:41] INFO     __main__ - X(트위터) 데이터 수집 시스템 시작
[2026-02-12 10:47:41] INFO     __main__ - 대상 계정: HalcyonAi, DarkWebInformer, MonThreat, DailyDarkWeb
[2026-02-12 10:47:41] INFO     __main__ - 크롤링 작업 시작 (4개 계정)
[2026-02-12 10:47:42] INFO     crawler - LibRedirect API에서 8개 인스턴스 조회
[2026-02-12 10:47:50] INFO     crawler - 활성 인스턴스: 2개
[2026-02-12 10:47:51] WARNING  root - Empty page on https://nitter.tiekoetter.com
[2026-02-12 10:48:07] INFO     __main__ -   ✓ HalcyonAi 완료: 트윗 14개 / 스레드 0개
[2026-02-12 10:48:08] WARNING  root - Empty page on https://nitter.tiekoetter.com
[2026-02-12 10:48:24] INFO     __main__ -   ✓ DarkWebInformer 완료: 트윗 14개 / 스레드 0개
[2026-02-12 10:48:26] WARNING  root - Empty page on https://nitter.tiekoetter.com
[2026-02-12 10:48:48] INFO     __main__ -   ✓ MonThreat 완료: 트윗 15개 / 스레드 0개
[2026-02-12 10:48:49] WARNING  root - Empty page on https://nitter.tiekoetter.com
[2026-02-12 10:49:06] INFO     __main__ -   ✓ DailyDarkWeb 완료: 트윗 11개 / 스레드 0개
[2026-02-12 10:49:06] INFO     __main__ - 작업 완료: 4/4 성공 (85초)
[2026-02-12 10:52:34] INFO     __main__ - X(트위터) 데이터 수집 시스템 시작
[2026-02-12 10:52:34] INFO     __main__ - 대상 계정: HalcyonAi, DarkWebInformer
[2026-02-12 10:52:34] INFO     __main__ - 크롤링 작업 시작 (2개 계정)
[2026-02-12 10:52:34] INFO     __main__ - LibRedirect API에서 8개 인스턴스 조회
[2026-02-12 10:52:42] INFO     __main__ - 활성 인스턴스: 2개
[2026-02-12 10:52:44] WARNING  root - Empty page on https://nitter.tiekoetter.com
[2026-02-12 10:53:00] INFO     __main__ -   ✓ HalcyonAi 완료: 트윗 14개 / 스레드 0개
[2026-02-12 10:53:01] WARNING  root - Empty page on https://nitter.tiekoetter.com
[2026-02-12 10:53:17] INFO     __main__ -   ✓ DarkWebInformer 완료: 트윗 14개 / 스레드 0개
[2026-02-12 10:53:17] INFO     __main__ - 작업 완료: 2/2 성공 (43초)
[2026-02-12 11:03:24] INFO     __main__ - X(트위터) 데이터 수집 시스템 시작
[2026-02-12 11:03:24] INFO     __main__ - 대상 계정: HalcyonAi, DarkWebInformer, MonThreat, DailyDarkWeb, FalconFeedsio, H4ckManac
[2026-02-12 11:03:24] INFO     __main__ - 스케줄러 모드: 12.00시간 간격
[2026-02-12 11:03:24] INFO     __main__ - 스케줄러 시작: 12.0시간 간격으로 실행
[2026-02-12 11:03:24] INFO     __main__ - 크롤링 작업 시작 (6개 계정)
[2026-02-12 11:03:24] INFO     __main__ - LibRedirect API에서 8개 인스턴스 조회
[2026-02-12 11:03:32] INFO     __main__ - 활성 인스턴스: 2개
[2026-02-12 11:03:33] WARNING  root - Empty page on https://nitter.tiekoetter.com
[2026-02-12 11:03:57] INFO     __main__ -   ✓ HalcyonAi 완료: 트윗 14개 / 스레드 0개
[2026-02-12 11:03:58] WARNING  root - Empty page on https://nitter.tiekoetter.com
[2026-02-12 11:04:14] INFO     __main__ -   ✓ DarkWebInformer 완료: 트윗 14개 / 스레드 0개
[2026-02-12 11:04:16] WARNING  root - Empty page on https://nitter.tiekoetter.com
[2026-02-12 11:04:32] INFO     __main__ -   ✓ MonThreat 완료: 트윗 15개 / 스레드 0개
[2026-02-12 11:04:33] WARNING  root - Empty page on https://nitter.tiekoetter.com
[2026-02-12 11:04:49] INFO     __main__ -   ✓ DailyDarkWeb 완료: 트윗 11개 / 스레드 0개
[2026-02-12 11:04:50] WARNING  root - Empty page on https://nitter.tiekoetter.com
[2026-02-12 11:05:06] INFO     __main__ -   ✓ FalconFeedsio 완료: 트윗 15개 / 스레드 0개
[2026-02-12 11:05:07] WARNING  root - Empty page on https://nitter.tiekoetter.com
[2026-02-12 11:05:28] INFO     __main__ -   ✓ H4ckManac 완료: 트윗 11개 / 스레드 0개
[2026-02-12 11:05:28] INFO     __main__ - 작업 완료: 6/6 성공 (124초)
[2026-02-12 11:21:41] INFO     __main__ - 종료 시그널 수신 (signal=2) - 스케줄러 종료 중...
[2026-02-12 11:21:41] INFO     __main__ - 스케줄러 종료 요청 수신
